
*** Running vivado
    with args -log zynqmpsoc_rst_ps8_0_75M_0.vds -m64 -product Vivado -mode batch -messageDb vivado.pb -notrace -source zynqmpsoc_rst_ps8_0_75M_0.tcl


****** Vivado v2019.2.1 (64-bit)
  **** SW Build 2729669 on Thu Dec  5 04:48:12 MST 2019
  **** IP Build 2729494 on Thu Dec  5 07:38:25 MST 2019
    ** Copyright 1986-2019 Xilinx, Inc. All Rights Reserved.

source zynqmpsoc_rst_ps8_0_75M_0.tcl -notrace
Command: synth_design -top zynqmpsoc_rst_ps8_0_75M_0 -part xczu9eg-ffvb1156-2-e -mode out_of_context
Starting synth_design
Attempting to get a license for feature 'Synthesis' and/or device 'xczu9eg'
INFO: [Common 17-349] Got license for feature 'Synthesis' and/or device 'xczu9eg'
INFO: [Device 21-403] Loading part xczu9eg-ffvb1156-2-e
INFO: Launching helper process for spawning children vivado processes
INFO: Helper process launched with PID 131814 
---------------------------------------------------------------------------------
Starting RTL Elaboration : Time (s): cpu = 00:00:04 ; elapsed = 00:00:06 . Memory (MB): peak = 2455.094 ; gain = 0.000 ; free physical = 7742 ; free virtual = 116360
---------------------------------------------------------------------------------
INFO: [Synth 8-638] synthesizing module 'zynqmpsoc_rst_ps8_0_75M_0' [/home/jescobedo/repos/juanesp/socs/xilinx-zcu102-xczu9eg/vivado/esp-xilinx-zcu102-xczu9eg.srcs/sources_1/bd/zynqmpsoc/ip/zynqmpsoc_rst_ps8_0_75M_0/synth/zynqmpsoc_rst_ps8_0_75M_0.vhd:74]
	Parameter C_FAMILY bound to: zynquplus - type: string 
	Parameter C_EXT_RST_WIDTH bound to: 4 - type: integer 
	Parameter C_AUX_RST_WIDTH bound to: 4 - type: integer 
	Parameter C_EXT_RESET_HIGH bound to: 1'b0 
	Parameter C_AUX_RESET_HIGH bound to: 1'b0 
	Parameter C_NUM_BUS_RST bound to: 1 - type: integer 
	Parameter C_NUM_PERP_RST bound to: 1 - type: integer 
	Parameter C_NUM_INTERCONNECT_ARESETN bound to: 1 - type: integer 
	Parameter C_NUM_PERP_ARESETN bound to: 1 - type: integer 
INFO: [Synth 8-3491] module 'proc_sys_reset' declared at '/home/jescobedo/repos/juanesp/socs/xilinx-zcu102-xczu9eg/vivado/esp-xilinx-zcu102-xczu9eg.srcs/sources_1/bd/zynqmpsoc/ipshared/8842/hdl/proc_sys_reset_v5_0_vh_rfs.vhd:1264' bound to instance 'U0' of component 'proc_sys_reset' [/home/jescobedo/repos/juanesp/socs/xilinx-zcu102-xczu9eg/vivado/esp-xilinx-zcu102-xczu9eg.srcs/sources_1/bd/zynqmpsoc/ip/zynqmpsoc_rst_ps8_0_75M_0/synth/zynqmpsoc_rst_ps8_0_75M_0.vhd:129]
INFO: [Synth 8-638] synthesizing module 'proc_sys_reset' [/home/jescobedo/repos/juanesp/socs/xilinx-zcu102-xczu9eg/vivado/esp-xilinx-zcu102-xczu9eg.srcs/sources_1/bd/zynqmpsoc/ipshared/8842/hdl/proc_sys_reset_v5_0_vh_rfs.vhd:1323]
	Parameter C_FAMILY bound to: zynquplus - type: string 
	Parameter C_EXT_RST_WIDTH bound to: 4 - type: integer 
	Parameter C_AUX_RST_WIDTH bound to: 4 - type: integer 
	Parameter C_EXT_RESET_HIGH bound to: 1'b0 
	Parameter C_AUX_RESET_HIGH bound to: 1'b0 
	Parameter C_NUM_BUS_RST bound to: 1 - type: integer 
	Parameter C_NUM_PERP_RST bound to: 1 - type: integer 
	Parameter C_NUM_INTERCONNECT_ARESETN bound to: 1 - type: integer 
	Parameter C_NUM_PERP_ARESETN bound to: 1 - type: integer 
	Parameter INIT bound to: 1'b1 
	Parameter IS_C_INVERTED bound to: 1'b0 
	Parameter IS_D_INVERTED bound to: 1'b0 
	Parameter IS_R_INVERTED bound to: 1'b0 
INFO: [Synth 8-113] binding component instance 'FDRE_inst' to cell 'FDRE' [/home/jescobedo/repos/juanesp/socs/xilinx-zcu102-xczu9eg/vivado/esp-xilinx-zcu102-xczu9eg.srcs/sources_1/bd/zynqmpsoc/ipshared/8842/hdl/proc_sys_reset_v5_0_vh_rfs.vhd:1392]
	Parameter INIT bound to: 1'b1 
	Parameter IS_C_INVERTED bound to: 1'b0 
	Parameter IS_D_INVERTED bound to: 1'b0 
	Parameter IS_R_INVERTED bound to: 1'b0 
INFO: [Synth 8-113] binding component instance 'FDRE_BSR' to cell 'FDRE' [/home/jescobedo/repos/juanesp/socs/xilinx-zcu102-xczu9eg/vivado/esp-xilinx-zcu102-xczu9eg.srcs/sources_1/bd/zynqmpsoc/ipshared/8842/hdl/proc_sys_reset_v5_0_vh_rfs.vhd:1408]
	Parameter INIT bound to: 1'b0 
	Parameter IS_C_INVERTED bound to: 1'b0 
	Parameter IS_D_INVERTED bound to: 1'b0 
	Parameter IS_R_INVERTED bound to: 1'b0 
INFO: [Synth 8-113] binding component instance 'FDRE_BSR_N' to cell 'FDRE' [/home/jescobedo/repos/juanesp/socs/xilinx-zcu102-xczu9eg/vivado/esp-xilinx-zcu102-xczu9eg.srcs/sources_1/bd/zynqmpsoc/ipshared/8842/hdl/proc_sys_reset_v5_0_vh_rfs.vhd:1434]
	Parameter INIT bound to: 1'b1 
	Parameter IS_C_INVERTED bound to: 1'b0 
	Parameter IS_D_INVERTED bound to: 1'b0 
	Parameter IS_R_INVERTED bound to: 1'b0 
INFO: [Synth 8-113] binding component instance 'FDRE_PER' to cell 'FDRE' [/home/jescobedo/repos/juanesp/socs/xilinx-zcu102-xczu9eg/vivado/esp-xilinx-zcu102-xczu9eg.srcs/sources_1/bd/zynqmpsoc/ipshared/8842/hdl/proc_sys_reset_v5_0_vh_rfs.vhd:1457]
	Parameter INIT bound to: 1'b0 
	Parameter IS_C_INVERTED bound to: 1'b0 
	Parameter IS_D_INVERTED bound to: 1'b0 
	Parameter IS_R_INVERTED bound to: 1'b0 
INFO: [Synth 8-113] binding component instance 'FDRE_PER_N' to cell 'FDRE' [/home/jescobedo/repos/juanesp/socs/xilinx-zcu102-xczu9eg/vivado/esp-xilinx-zcu102-xczu9eg.srcs/sources_1/bd/zynqmpsoc/ipshared/8842/hdl/proc_sys_reset_v5_0_vh_rfs.vhd:1481]
INFO: [Synth 8-638] synthesizing module 'lpf' [/home/jescobedo/repos/juanesp/socs/xilinx-zcu102-xczu9eg/vivado/esp-xilinx-zcu102-xczu9eg.srcs/sources_1/bd/zynqmpsoc/ipshared/8842/hdl/proc_sys_reset_v5_0_vh_rfs.vhd:816]
	Parameter C_EXT_RST_WIDTH bound to: 4 - type: integer 
	Parameter C_AUX_RST_WIDTH bound to: 4 - type: integer 
	Parameter C_EXT_RESET_HIGH bound to: 1'b0 
	Parameter C_AUX_RESET_HIGH bound to: 1'b0 
INFO: [Synth 8-3491] module 'SRL16' declared at '/opt/Xilinx/Vivado/2019.2/scripts/rt/data/unisim_comp.v:78190' bound to instance 'POR_SRL_I' of component 'SRL16' [/home/jescobedo/repos/juanesp/socs/xilinx-zcu102-xczu9eg/vivado/esp-xilinx-zcu102-xczu9eg.srcs/sources_1/bd/zynqmpsoc/ipshared/8842/hdl/proc_sys_reset_v5_0_vh_rfs.vhd:868]
INFO: [Synth 8-6157] synthesizing module 'SRL16' [/opt/Xilinx/Vivado/2019.2/scripts/rt/data/unisim_comp.v:78190]
	Parameter INIT bound to: 16'b0000000000000000 
INFO: [Synth 8-6155] done synthesizing module 'SRL16' (1#1) [/opt/Xilinx/Vivado/2019.2/scripts/rt/data/unisim_comp.v:78190]
INFO: [Synth 8-638] synthesizing module 'cdc_sync' [/home/jescobedo/repos/juanesp/socs/xilinx-zcu102-xczu9eg/vivado/esp-xilinx-zcu102-xczu9eg.srcs/sources_1/bd/zynqmpsoc/ipshared/ef1e/hdl/lib_cdc_v1_0_rfs.vhd:106]
	Parameter C_CDC_TYPE bound to: 1 - type: integer 
	Parameter C_RESET_STATE bound to: 0 - type: integer 
	Parameter C_SINGLE_BIT bound to: 1 - type: integer 
	Parameter C_FLOP_INPUT bound to: 0 - type: integer 
	Parameter C_VECTOR_WIDTH bound to: 2 - type: integer 
	Parameter C_MTBF_STAGES bound to: 4 - type: integer 
	Parameter INIT bound to: 1'b0 
INFO: [Synth 8-113] binding component instance 'CROSS_PLEVEL_IN2SCNDRY_IN_cdc_to' to cell 'FDR' [/home/jescobedo/repos/juanesp/socs/xilinx-zcu102-xczu9eg/vivado/esp-xilinx-zcu102-xczu9eg.srcs/sources_1/bd/zynqmpsoc/ipshared/ef1e/hdl/lib_cdc_v1_0_rfs.vhd:514]
	Parameter INIT bound to: 1'b0 
INFO: [Synth 8-113] binding component instance 'CROSS_PLEVEL_IN2SCNDRY_s_level_out_d2' to cell 'FDR' [/home/jescobedo/repos/juanesp/socs/xilinx-zcu102-xczu9eg/vivado/esp-xilinx-zcu102-xczu9eg.srcs/sources_1/bd/zynqmpsoc/ipshared/ef1e/hdl/lib_cdc_v1_0_rfs.vhd:545]
	Parameter INIT bound to: 1'b0 
INFO: [Synth 8-113] binding component instance 'CROSS_PLEVEL_IN2SCNDRY_s_level_out_d3' to cell 'FDR' [/home/jescobedo/repos/juanesp/socs/xilinx-zcu102-xczu9eg/vivado/esp-xilinx-zcu102-xczu9eg.srcs/sources_1/bd/zynqmpsoc/ipshared/ef1e/hdl/lib_cdc_v1_0_rfs.vhd:554]
	Parameter INIT bound to: 1'b0 
INFO: [Synth 8-113] binding component instance 'CROSS_PLEVEL_IN2SCNDRY_s_level_out_d4' to cell 'FDR' [/home/jescobedo/repos/juanesp/socs/xilinx-zcu102-xczu9eg/vivado/esp-xilinx-zcu102-xczu9eg.srcs/sources_1/bd/zynqmpsoc/ipshared/ef1e/hdl/lib_cdc_v1_0_rfs.vhd:564]
	Parameter INIT bound to: 1'b0 
INFO: [Synth 8-113] binding component instance 'CROSS_PLEVEL_IN2SCNDRY_s_level_out_d5' to cell 'FDR' [/home/jescobedo/repos/juanesp/socs/xilinx-zcu102-xczu9eg/vivado/esp-xilinx-zcu102-xczu9eg.srcs/sources_1/bd/zynqmpsoc/ipshared/ef1e/hdl/lib_cdc_v1_0_rfs.vhd:574]
	Parameter INIT bound to: 1'b0 
INFO: [Synth 8-113] binding component instance 'CROSS_PLEVEL_IN2SCNDRY_s_level_out_d6' to cell 'FDR' [/home/jescobedo/repos/juanesp/socs/xilinx-zcu102-xczu9eg/vivado/esp-xilinx-zcu102-xczu9eg.srcs/sources_1/bd/zynqmpsoc/ipshared/ef1e/hdl/lib_cdc_v1_0_rfs.vhd:584]
INFO: [Synth 8-256] done synthesizing module 'cdc_sync' (2#1) [/home/jescobedo/repos/juanesp/socs/xilinx-zcu102-xczu9eg/vivado/esp-xilinx-zcu102-xczu9eg.srcs/sources_1/bd/zynqmpsoc/ipshared/ef1e/hdl/lib_cdc_v1_0_rfs.vhd:106]
INFO: [Synth 8-256] done synthesizing module 'lpf' (3#1) [/home/jescobedo/repos/juanesp/socs/xilinx-zcu102-xczu9eg/vivado/esp-xilinx-zcu102-xczu9eg.srcs/sources_1/bd/zynqmpsoc/ipshared/8842/hdl/proc_sys_reset_v5_0_vh_rfs.vhd:816]
INFO: [Synth 8-638] synthesizing module 'sequence_psr' [/home/jescobedo/repos/juanesp/socs/xilinx-zcu102-xczu9eg/vivado/esp-xilinx-zcu102-xczu9eg.srcs/sources_1/bd/zynqmpsoc/ipshared/8842/hdl/proc_sys_reset_v5_0_vh_rfs.vhd:301]
INFO: [Synth 8-638] synthesizing module 'upcnt_n' [/home/jescobedo/repos/juanesp/socs/xilinx-zcu102-xczu9eg/vivado/esp-xilinx-zcu102-xczu9eg.srcs/sources_1/bd/zynqmpsoc/ipshared/8842/hdl/proc_sys_reset_v5_0_vh_rfs.vhd:125]
	Parameter C_SIZE bound to: 6 - type: integer 
INFO: [Synth 8-256] done synthesizing module 'upcnt_n' (4#1) [/home/jescobedo/repos/juanesp/socs/xilinx-zcu102-xczu9eg/vivado/esp-xilinx-zcu102-xczu9eg.srcs/sources_1/bd/zynqmpsoc/ipshared/8842/hdl/proc_sys_reset_v5_0_vh_rfs.vhd:125]
INFO: [Synth 8-256] done synthesizing module 'sequence_psr' (5#1) [/home/jescobedo/repos/juanesp/socs/xilinx-zcu102-xczu9eg/vivado/esp-xilinx-zcu102-xczu9eg.srcs/sources_1/bd/zynqmpsoc/ipshared/8842/hdl/proc_sys_reset_v5_0_vh_rfs.vhd:301]
INFO: [Synth 8-256] done synthesizing module 'proc_sys_reset' (6#1) [/home/jescobedo/repos/juanesp/socs/xilinx-zcu102-xczu9eg/vivado/esp-xilinx-zcu102-xczu9eg.srcs/sources_1/bd/zynqmpsoc/ipshared/8842/hdl/proc_sys_reset_v5_0_vh_rfs.vhd:1323]
INFO: [Synth 8-256] done synthesizing module 'zynqmpsoc_rst_ps8_0_75M_0' (7#1) [/home/jescobedo/repos/juanesp/socs/xilinx-zcu102-xczu9eg/vivado/esp-xilinx-zcu102-xczu9eg.srcs/sources_1/bd/zynqmpsoc/ip/zynqmpsoc_rst_ps8_0_75M_0/synth/zynqmpsoc_rst_ps8_0_75M_0.vhd:74]
WARNING: [Synth 8-3331] design cdc_sync has unconnected port prmry_aclk
WARNING: [Synth 8-3331] design cdc_sync has unconnected port prmry_resetn
WARNING: [Synth 8-3331] design cdc_sync has unconnected port prmry_vect_in[1]
WARNING: [Synth 8-3331] design cdc_sync has unconnected port prmry_vect_in[0]
WARNING: [Synth 8-3331] design cdc_sync has unconnected port scndry_resetn
---------------------------------------------------------------------------------
Finished RTL Elaboration : Time (s): cpu = 00:00:05 ; elapsed = 00:00:08 . Memory (MB): peak = 2515.840 ; gain = 60.746 ; free physical = 7668 ; free virtual = 116286
---------------------------------------------------------------------------------

Report Check Netlist: 
+------+------------------+-------+---------+-------+------------------+
|      |Item              |Errors |Warnings |Status |Description       |
+------+------------------+-------+---------+-------+------------------+
|1     |multi_driven_nets |      0|        0|Passed |Multi driven nets |
+------+------------------+-------+---------+-------+------------------+
---------------------------------------------------------------------------------
Start Handling Custom Attributes
---------------------------------------------------------------------------------
---------------------------------------------------------------------------------
Finished Handling Custom Attributes : Time (s): cpu = 00:00:06 ; elapsed = 00:00:09 . Memory (MB): peak = 2518.809 ; gain = 63.715 ; free physical = 7548 ; free virtual = 116166
---------------------------------------------------------------------------------
---------------------------------------------------------------------------------
Finished RTL Optimization Phase 1 : Time (s): cpu = 00:00:06 ; elapsed = 00:00:09 . Memory (MB): peak = 2518.809 ; gain = 63.715 ; free physical = 7548 ; free virtual = 116166
---------------------------------------------------------------------------------
Netlist sorting complete. Time (s): cpu = 00:00:00 ; elapsed = 00:00:00.01 . Memory (MB): peak = 2528.715 ; gain = 0.000 ; free physical = 7650 ; free virtual = 116269
INFO: [Netlist 29-17] Analyzing 13 Unisim elements for replacement
INFO: [Netlist 29-28] Unisim Transformation completed in 0 CPU seconds
INFO: [Project 1-570] Preparing netlist for logic optimization

Processing XDC Constraints
Initializing timing engine
Parsing XDC File [/home/jescobedo/repos/juanesp/socs/xilinx-zcu102-xczu9eg/vivado/esp-xilinx-zcu102-xczu9eg.srcs/sources_1/bd/zynqmpsoc/ip/zynqmpsoc_rst_ps8_0_75M_0/zynqmpsoc_rst_ps8_0_75M_0_ooc.xdc] for cell 'U0'
create_clock: Time (s): cpu = 00:00:05 ; elapsed = 00:00:05 . Memory (MB): peak = 2690.527 ; gain = 0.000 ; free physical = 7351 ; free virtual = 115971
Finished Parsing XDC File [/home/jescobedo/repos/juanesp/socs/xilinx-zcu102-xczu9eg/vivado/esp-xilinx-zcu102-xczu9eg.srcs/sources_1/bd/zynqmpsoc/ip/zynqmpsoc_rst_ps8_0_75M_0/zynqmpsoc_rst_ps8_0_75M_0_ooc.xdc] for cell 'U0'
Parsing XDC File [/home/jescobedo/repos/juanesp/socs/xilinx-zcu102-xczu9eg/vivado/esp-xilinx-zcu102-xczu9eg.srcs/sources_1/bd/zynqmpsoc/ip/zynqmpsoc_rst_ps8_0_75M_0/zynqmpsoc_rst_ps8_0_75M_0_board.xdc] for cell 'U0'
Finished Parsing XDC File [/home/jescobedo/repos/juanesp/socs/xilinx-zcu102-xczu9eg/vivado/esp-xilinx-zcu102-xczu9eg.srcs/sources_1/bd/zynqmpsoc/ip/zynqmpsoc_rst_ps8_0_75M_0/zynqmpsoc_rst_ps8_0_75M_0_board.xdc] for cell 'U0'
Parsing XDC File [/home/jescobedo/repos/juanesp/socs/xilinx-zcu102-xczu9eg/vivado/esp-xilinx-zcu102-xczu9eg.srcs/sources_1/bd/zynqmpsoc/ip/zynqmpsoc_rst_ps8_0_75M_0/zynqmpsoc_rst_ps8_0_75M_0.xdc] for cell 'U0'
Finished Parsing XDC File [/home/jescobedo/repos/juanesp/socs/xilinx-zcu102-xczu9eg/vivado/esp-xilinx-zcu102-xczu9eg.srcs/sources_1/bd/zynqmpsoc/ip/zynqmpsoc_rst_ps8_0_75M_0/zynqmpsoc_rst_ps8_0_75M_0.xdc] for cell 'U0'
Parsing XDC File [/home/jescobedo/repos/juanesp/socs/xilinx-zcu102-xczu9eg/vivado/esp-xilinx-zcu102-xczu9eg.runs/zynqmpsoc_rst_ps8_0_75M_0_synth_1/dont_touch.xdc]
Finished Parsing XDC File [/home/jescobedo/repos/juanesp/socs/xilinx-zcu102-xczu9eg/vivado/esp-xilinx-zcu102-xczu9eg.runs/zynqmpsoc_rst_ps8_0_75M_0_synth_1/dont_touch.xdc]
Completed Processing XDC Constraints

Netlist sorting complete. Time (s): cpu = 00:00:00 ; elapsed = 00:00:00 . Memory (MB): peak = 2690.527 ; gain = 0.000 ; free physical = 7350 ; free virtual = 115971
INFO: [Project 1-111] Unisim Transformation Summary:
  A total of 13 instances were transformed.
  FDR => FDRE: 12 instances
  SRL16 => SRL16E: 1 instance 

Constraint Validation Runtime : Time (s): cpu = 00:00:00.02 ; elapsed = 00:00:00.04 . Memory (MB): peak = 2690.527 ; gain = 0.000 ; free physical = 7348 ; free virtual = 115968
---------------------------------------------------------------------------------
Finished Constraint Validation : Time (s): cpu = 00:00:20 ; elapsed = 00:00:28 . Memory (MB): peak = 2690.527 ; gain = 235.434 ; free physical = 7600 ; free virtual = 116224
---------------------------------------------------------------------------------
---------------------------------------------------------------------------------
Start Loading Part and Timing Information
---------------------------------------------------------------------------------
Loading part: xczu9eg-ffvb1156-2-e
INFO: [Synth 8-6742] Reading net delay rules and data
---------------------------------------------------------------------------------
Finished Loading Part and Timing Information : Time (s): cpu = 00:00:20 ; elapsed = 00:00:28 . Memory (MB): peak = 2690.527 ; gain = 235.434 ; free physical = 7600 ; free virtual = 116224
---------------------------------------------------------------------------------
---------------------------------------------------------------------------------
Start Applying 'set_property' XDC Constraints
---------------------------------------------------------------------------------
Applied set_property DONT_TOUCH = true for U0. (constraint file  /home/jescobedo/repos/juanesp/socs/xilinx-zcu102-xczu9eg/vivado/esp-xilinx-zcu102-xczu9eg.runs/zynqmpsoc_rst_ps8_0_75M_0_synth_1/dont_touch.xdc, line 9).
---------------------------------------------------------------------------------
Finished applying 'set_property' XDC Constraints : Time (s): cpu = 00:00:20 ; elapsed = 00:00:28 . Memory (MB): peak = 2690.527 ; gain = 235.434 ; free physical = 7598 ; free virtual = 116222
---------------------------------------------------------------------------------
INFO: [Synth 8-4471] merging register 'seq_cnt_en_reg' into 'from_sys_reg' [/home/jescobedo/repos/juanesp/socs/xilinx-zcu102-xczu9eg/vivado/esp-xilinx-zcu102-xczu9eg.srcs/sources_1/bd/zynqmpsoc/ipshared/8842/hdl/proc_sys_reset_v5_0_vh_rfs.vhd:377]
---------------------------------------------------------------------------------
Finished RTL Optimization Phase 2 : Time (s): cpu = 00:00:20 ; elapsed = 00:00:29 . Memory (MB): peak = 2690.527 ; gain = 235.434 ; free physical = 7590 ; free virtual = 116215
---------------------------------------------------------------------------------

Report RTL Partitions: 
+-+--------------+------------+----------+
| |RTL Partition |Replication |Instances |
+-+--------------+------------+----------+
+-+--------------+------------+----------+
---------------------------------------------------------------------------------
Start RTL Component Statistics 
---------------------------------------------------------------------------------
Detailed RTL Component Info : 
+---Adders : 
	   2 Input      6 Bit       Adders := 1     
+---Registers : 
	                6 Bit    Registers := 1     
	                3 Bit    Registers := 3     
	                1 Bit    Registers := 8     
+---Muxes : 
	   2 Input      6 Bit        Muxes := 1     
	   2 Input      1 Bit        Muxes := 1     
---------------------------------------------------------------------------------
Finished RTL Component Statistics 
---------------------------------------------------------------------------------
---------------------------------------------------------------------------------
Start RTL Hierarchical Component Statistics 
---------------------------------------------------------------------------------
Hierarchical RTL Component report 
Module lpf 
Detailed RTL Component Info : 
+---Registers : 
	                1 Bit    Registers := 3     
Module upcnt_n 
Detailed RTL Component Info : 
+---Adders : 
	   2 Input      6 Bit       Adders := 1     
+---Registers : 
	                6 Bit    Registers := 1     
+---Muxes : 
	   2 Input      6 Bit        Muxes := 1     
	   2 Input      1 Bit        Muxes := 1     
Module sequence_psr 
Detailed RTL Component Info : 
+---Registers : 
	                3 Bit    Registers := 3     
	                1 Bit    Registers := 5     
---------------------------------------------------------------------------------
Finished RTL Hierarchical Component Statistics
---------------------------------------------------------------------------------
---------------------------------------------------------------------------------
Start Part Resource Summary
---------------------------------------------------------------------------------
Part Resources:
DSPs: 2520 (col length:168)
BRAMs: 1824 (col length: RAMB18 168 RAMB36 84)
---------------------------------------------------------------------------------
Finished Part Resource Summary
---------------------------------------------------------------------------------
---------------------------------------------------------------------------------
Start Cross Boundary and Area Optimization
---------------------------------------------------------------------------------
Warning: Parallel synthesis criteria is not met 
INFO: [Synth 8-3886] merging instance 'U0/SEQ/pr_dec_reg[1]' (FD) to 'U0/SEQ/bsr_dec_reg[1]'
INFO: [Synth 8-3886] merging instance 'U0/SEQ/bsr_dec_reg[1]' (FD) to 'U0/SEQ/core_dec_reg[1]'
WARNING: [Synth 8-3332] Sequential element (EXT_LPF/ACTIVE_LOW_EXT.ACT_LO_EXT/GENERATE_LEVEL_P_S_CDC.SINGLE_BIT.CROSS_PLEVEL_IN2SCNDRY_s_level_out_d5) is unused and will be removed from module proc_sys_reset.
WARNING: [Synth 8-3332] Sequential element (EXT_LPF/ACTIVE_LOW_EXT.ACT_LO_EXT/GENERATE_LEVEL_P_S_CDC.SINGLE_BIT.CROSS_PLEVEL_IN2SCNDRY_s_level_out_d6) is unused and will be removed from module proc_sys_reset.
WARNING: [Synth 8-3332] Sequential element (EXT_LPF/ACTIVE_LOW_AUX.ACT_LO_AUX/GENERATE_LEVEL_P_S_CDC.SINGLE_BIT.CROSS_PLEVEL_IN2SCNDRY_s_level_out_d5) is unused and will be removed from module proc_sys_reset.
WARNING: [Synth 8-3332] Sequential element (EXT_LPF/ACTIVE_LOW_AUX.ACT_LO_AUX/GENERATE_LEVEL_P_S_CDC.SINGLE_BIT.CROSS_PLEVEL_IN2SCNDRY_s_level_out_d6) is unused and will be removed from module proc_sys_reset.
---------------------------------------------------------------------------------
Finished Cross Boundary and Area Optimization : Time (s): cpu = 00:00:21 ; elapsed = 00:00:29 . Memory (MB): peak = 2690.527 ; gain = 235.434 ; free physical = 7503 ; free virtual = 116131
---------------------------------------------------------------------------------

Report RTL Partitions: 
+-+--------------+------------+----------+
| |RTL Partition |Replication |Instances |
+-+--------------+------------+----------+
+-+--------------+------------+----------+
---------------------------------------------------------------------------------
Start Applying XDC Timing Constraints
---------------------------------------------------------------------------------
---------------------------------------------------------------------------------
Finished Applying XDC Timing Constraints : Time (s): cpu = 00:00:54 ; elapsed = 00:01:43 . Memory (MB): peak = 3129.082 ; gain = 673.988 ; free physical = 3811 ; free virtual = 112458
---------------------------------------------------------------------------------
---------------------------------------------------------------------------------
Start Timing Optimization
---------------------------------------------------------------------------------
---------------------------------------------------------------------------------
Finished Timing Optimization : Time (s): cpu = 00:00:54 ; elapsed = 00:01:43 . Memory (MB): peak = 3129.082 ; gain = 673.988 ; free physical = 3808 ; free virtual = 112455
---------------------------------------------------------------------------------

Report RTL Partitions: 
+-+--------------+------------+----------+
| |RTL Partition |Replication |Instances |
+-+--------------+------------+----------+
+-+--------------+------------+----------+
---------------------------------------------------------------------------------
Start Technology Mapping
---------------------------------------------------------------------------------
---------------------------------------------------------------------------------
Finished Technology Mapping : Time (s): cpu = 00:00:55 ; elapsed = 00:01:43 . Memory (MB): peak = 3139.098 ; gain = 684.004 ; free physical = 3811 ; free virtual = 112458
---------------------------------------------------------------------------------

Report RTL Partitions: 
+-+--------------+------------+----------+
| |RTL Partition |Replication |Instances |
+-+--------------+------------+----------+
+-+--------------+------------+----------+
---------------------------------------------------------------------------------
Start IO Insertion
---------------------------------------------------------------------------------
---------------------------------------------------------------------------------
Start Flattening Before IO Insertion
---------------------------------------------------------------------------------
---------------------------------------------------------------------------------
Finished Flattening Before IO Insertion
---------------------------------------------------------------------------------
---------------------------------------------------------------------------------
Start Final Netlist Cleanup
---------------------------------------------------------------------------------
---------------------------------------------------------------------------------
Finished Final Netlist Cleanup
---------------------------------------------------------------------------------
---------------------------------------------------------------------------------
Finished IO Insertion : Time (s): cpu = 00:00:58 ; elapsed = 00:01:47 . Memory (MB): peak = 3154.941 ; gain = 699.848 ; free physical = 4151 ; free virtual = 112800
---------------------------------------------------------------------------------
---------------------------------------------------------------------------------
Start Renaming Generated Instances
---------------------------------------------------------------------------------
---------------------------------------------------------------------------------
Finished Renaming Generated Instances : Time (s): cpu = 00:00:58 ; elapsed = 00:01:47 . Memory (MB): peak = 3154.941 ; gain = 699.848 ; free physical = 4148 ; free virtual = 112796
---------------------------------------------------------------------------------

Report RTL Partitions: 
+-+--------------+------------+----------+
| |RTL Partition |Replication |Instances |
+-+--------------+------------+----------+
+-+--------------+------------+----------+

Report Check Netlist: 
+------+------------------+-------+---------+-------+------------------+
|      |Item              |Errors |Warnings |Status |Description       |
+------+------------------+-------+---------+-------+------------------+
|1     |multi_driven_nets |      0|        0|Passed |Multi driven nets |
+------+------------------+-------+---------+-------+------------------+
---------------------------------------------------------------------------------
Start Rebuilding User Hierarchy
---------------------------------------------------------------------------------
---------------------------------------------------------------------------------
Finished Rebuilding User Hierarchy : Time (s): cpu = 00:00:58 ; elapsed = 00:01:47 . Memory (MB): peak = 3154.941 ; gain = 699.848 ; free physical = 4127 ; free virtual = 112776
---------------------------------------------------------------------------------
---------------------------------------------------------------------------------
Start Renaming Generated Ports
---------------------------------------------------------------------------------
---------------------------------------------------------------------------------
Finished Renaming Generated Ports : Time (s): cpu = 00:00:58 ; elapsed = 00:01:47 . Memory (MB): peak = 3154.941 ; gain = 699.848 ; free physical = 4123 ; free virtual = 112772
---------------------------------------------------------------------------------
---------------------------------------------------------------------------------
Start Handling Custom Attributes
---------------------------------------------------------------------------------
---------------------------------------------------------------------------------
Finished Handling Custom Attributes : Time (s): cpu = 00:00:58 ; elapsed = 00:01:47 . Memory (MB): peak = 3154.941 ; gain = 699.848 ; free physical = 4115 ; free virtual = 112763
---------------------------------------------------------------------------------
---------------------------------------------------------------------------------
Start Renaming Generated Nets
---------------------------------------------------------------------------------
---------------------------------------------------------------------------------
Finished Renaming Generated Nets : Time (s): cpu = 00:00:58 ; elapsed = 00:01:47 . Memory (MB): peak = 3154.941 ; gain = 699.848 ; free physical = 4111 ; free virtual = 112760
---------------------------------------------------------------------------------
---------------------------------------------------------------------------------
Start Writing Synthesis Report
---------------------------------------------------------------------------------

Report BlackBoxes: 
+-+--------------+----------+
| |BlackBox name |Instances |
+-+--------------+----------+
+-+--------------+----------+

Report Cell Usage: 
+------+------+------+
|      |Cell  |Count |
+------+------+------+
|1     |LUT1  |     5|
|2     |LUT2  |     9|
|3     |LUT3  |     1|
|4     |LUT4  |     6|
|5     |LUT5  |     3|
|6     |LUT6  |     1|
|7     |SRL16 |     1|
|8     |FDR   |     8|
|9     |FDRE  |    28|
|10    |FDSE  |     4|
+------+------+------+

Report Instance Areas: 
+------+----------------------------------+---------------+------+
|      |Instance                          |Module         |Cells |
+------+----------------------------------+---------------+------+
|1     |top                               |               |    66|
|2     |  U0                              |proc_sys_reset |    66|
|3     |    EXT_LPF                       |lpf            |    23|
|4     |      \ACTIVE_LOW_AUX.ACT_LO_AUX  |cdc_sync       |     6|
|5     |      \ACTIVE_LOW_EXT.ACT_LO_EXT  |cdc_sync_0     |     6|
|6     |    SEQ                           |sequence_psr   |    38|
|7     |      SEQ_COUNTER                 |upcnt_n        |    13|
+------+----------------------------------+---------------+------+
---------------------------------------------------------------------------------
Finished Writing Synthesis Report : Time (s): cpu = 00:00:58 ; elapsed = 00:01:47 . Memory (MB): peak = 3154.941 ; gain = 699.848 ; free physical = 4106 ; free virtual = 112754
---------------------------------------------------------------------------------
Synthesis finished with 0 errors, 0 critical warnings and 4 warnings.
Synthesis Optimization Runtime : Time (s): cpu = 00:00:49 ; elapsed = 00:01:33 . Memory (MB): peak = 3154.941 ; gain = 528.129 ; free physical = 4029 ; free virtual = 112678
Synthesis Optimization Complete : Time (s): cpu = 00:00:58 ; elapsed = 00:01:47 . Memory (MB): peak = 3154.949 ; gain = 699.848 ; free physical = 4026 ; free virtual = 112675
INFO: [Project 1-571] Translating synthesized netlist
Netlist sorting complete. Time (s): cpu = 00:00:00 ; elapsed = 00:00:00 . Memory (MB): peak = 3154.949 ; gain = 0.000 ; free physical = 3988 ; free virtual = 112637
INFO: [Netlist 29-17] Analyzing 9 Unisim elements for replacement
INFO: [Netlist 29-28] Unisim Transformation completed in 0 CPU seconds
INFO: [Project 1-570] Preparing netlist for logic optimization
INFO: [Opt 31-138] Pushed 0 inverter(s) to 0 load pin(s).
Netlist sorting complete. Time (s): cpu = 00:00:00 ; elapsed = 00:00:00 . Memory (MB): peak = 3220.645 ; gain = 0.000 ; free physical = 3155 ; free virtual = 111799
INFO: [Project 1-111] Unisim Transformation Summary:
  A total of 9 instances were transformed.
  FDR => FDRE: 8 instances
  SRL16 => SRL16E: 1 instance 

INFO: [Common 17-83] Releasing license: Synthesis
44 Infos, 9 Warnings, 0 Critical Warnings and 0 Errors encountered.
synth_design completed successfully
synth_design: Time (s): cpu = 00:01:16 ; elapsed = 00:02:17 . Memory (MB): peak = 3220.645 ; gain = 1669.273 ; free physical = 3290 ; free virtual = 111935
Netlist sorting complete. Time (s): cpu = 00:00:00 ; elapsed = 00:00:00 . Memory (MB): peak = 3220.645 ; gain = 0.000 ; free physical = 3290 ; free virtual = 111935
WARNING: [Constraints 18-5210] No constraints selected for write.
Resolution: This message can indicate that there are no constraints for the design, or it can indicate that the used_in flags are set such that the constraints are ignored. This later case is used when running synth_design to not write synthesis constraints to the resulting checkpoint. Instead, project constraints are read when the synthesized design is opened.
INFO: [Common 17-1381] The checkpoint '/home/jescobedo/repos/juanesp/socs/xilinx-zcu102-xczu9eg/vivado/esp-xilinx-zcu102-xczu9eg.runs/zynqmpsoc_rst_ps8_0_75M_0_synth_1/zynqmpsoc_rst_ps8_0_75M_0.dcp' has been generated.
WARNING: [Common 17-576] 'use_project_ipc' is deprecated. This option is deprecated and no longer used.
INFO: [Coretcl 2-1648] Added synthesis output to IP cache for IP zynqmpsoc_rst_ps8_0_75M_0, cache-ID = 725e3a989df68145
INFO: [Coretcl 2-1174] Renamed 6 cell refs.
Netlist sorting complete. Time (s): cpu = 00:00:00 ; elapsed = 00:00:00 . Memory (MB): peak = 3244.656 ; gain = 0.000 ; free physical = 3271 ; free virtual = 111916
WARNING: [Constraints 18-5210] No constraints selected for write.
Resolution: This message can indicate that there are no constraints for the design, or it can indicate that the used_in flags are set such that the constraints are ignored. This later case is used when running synth_design to not write synthesis constraints to the resulting checkpoint. Instead, project constraints are read when the synthesized design is opened.
INFO: [Common 17-1381] The checkpoint '/home/jescobedo/repos/juanesp/socs/xilinx-zcu102-xczu9eg/vivado/esp-xilinx-zcu102-xczu9eg.runs/zynqmpsoc_rst_ps8_0_75M_0_synth_1/zynqmpsoc_rst_ps8_0_75M_0.dcp' has been generated.
INFO: [runtcl-4] Executing : report_utilization -file zynqmpsoc_rst_ps8_0_75M_0_utilization_synth.rpt -pb zynqmpsoc_rst_ps8_0_75M_0_utilization_synth.pb
INFO: [Common 17-206] Exiting Vivado at Mon Jan 11 12:09:39 2021...
