#-----------------------------------------------------------
# Vivado v2019.2 (64-bit)
# SW Build 2708876 on Wed Nov  6 21:39:14 MST 2019
# IP Build 2700528 on Thu Nov  7 00:09:20 MST 2019
# Start of session at: Mon Apr 19 10:51:22 2021
# Process ID: 5064
# Current directory: /home/juan/repos/esp/utils
# Command line: vivado
# Log file: /home/juan/repos/esp/utils/vivado.log
# Journal file: /home/juan/repos/esp/utils/vivado.jou
#-----------------------------------------------------------
start_gui
open_hw_manager
INFO: [IP_Flow 19-234] Refreshing IP repositories
INFO: [IP_Flow 19-1704] No user IP repositories specified
INFO: [IP_Flow 19-2313] Loaded Vivado IP repository '/tools/Xilinx/Vivado/2019.2/data/ip'.
open_hw_manager: Time (s): cpu = 00:00:11 ; elapsed = 00:00:06 . Memory (MB): peak = 6657.758 ; gain = 178.488 ; free physical = 6663 ; free virtual = 10128
connect_hw_server -allow_non_jtag
INFO: [Labtools 27-2285] Connecting to hw_server url TCP:localhost:3121
INFO: [Labtools 27-3415] Connecting to cs_server url TCP:localhost:3042
INFO: [Labtools 27-3414] Connected to existing cs_server.
open_hw_target
INFO: [Labtoolstcl 44-466] Opening hw_target localhost:3121/xilinx_tcf/Digilent/210308A7AEB1
open_hw_target: Time (s): cpu = 00:00:07 ; elapsed = 00:00:10 . Memory (MB): peak = 7730.234 ; gain = 1032.852 ; free physical = 5549 ; free virtual = 9016
current_hw_device [get_hw_devices xczu9_0]
refresh_hw_device -update_hw_probes false [lindex [get_hw_devices xczu9_0] 0]
INFO: [Labtools 27-1435] Device xczu9 (JTAG device index = 0) is not programmed (DONE status = 0).
current_hw_device [get_hw_devices arm_dap_1]
refresh_hw_device -update_hw_probes false [lindex [get_hw_devices arm_dap_1] 0]
current_hw_device [get_hw_devices xczu9_0]
exit
INFO: [Common 17-206] Exiting Vivado at Mon Apr 19 10:52:16 2021...
