
*** Running vivado
    with args -log zynqmpsoc_ahblite_axi_bridge_0_0.vds -m64 -product Vivado -mode batch -messageDb vivado.pb -notrace -source zynqmpsoc_ahblite_axi_bridge_0_0.tcl


****** Vivado v2019.2.1 (64-bit)
  **** SW Build 2729669 on Thu Dec  5 04:48:12 MST 2019
  **** IP Build 2729494 on Thu Dec  5 07:38:25 MST 2019
    ** Copyright 1986-2019 Xilinx, Inc. All Rights Reserved.

source zynqmpsoc_ahblite_axi_bridge_0_0.tcl -notrace
Command: synth_design -top zynqmpsoc_ahblite_axi_bridge_0_0 -part xczu9eg-ffvb1156-2-e -mode out_of_context
Starting synth_design
Attempting to get a license for feature 'Synthesis' and/or device 'xczu9eg'
INFO: [Common 17-349] Got license for feature 'Synthesis' and/or device 'xczu9eg'
INFO: [Device 21-403] Loading part xczu9eg-ffvb1156-2-e
INFO: Launching helper process for spawning children vivado processes
INFO: Helper process launched with PID 131954 
---------------------------------------------------------------------------------
Starting RTL Elaboration : Time (s): cpu = 00:00:04 ; elapsed = 00:00:06 . Memory (MB): peak = 2455.098 ; gain = 0.000 ; free physical = 7629 ; free virtual = 116247
---------------------------------------------------------------------------------
INFO: [Synth 8-638] synthesizing module 'zynqmpsoc_ahblite_axi_bridge_0_0' [/home/jescobedo/repos/juanesp/socs/xilinx-zcu102-xczu9eg/vivado/esp-xilinx-zcu102-xczu9eg.srcs/sources_1/bd/zynqmpsoc/ip/zynqmpsoc_ahblite_axi_bridge_0_0/synth/zynqmpsoc_ahblite_axi_bridge_0_0.vhd:113]
	Parameter C_FAMILY bound to: zynquplus - type: string 
	Parameter C_INSTANCE bound to: zynqmpsoc_ahblite_axi_bridge_0_0 - type: string 
	Parameter C_M_AXI_SUPPORTS_NARROW_BURST bound to: 0 - type: integer 
	Parameter C_M_AXI_NON_SECURE bound to: 1 - type: integer 
	Parameter C_S_AHB_ADDR_WIDTH bound to: 32 - type: integer 
	Parameter C_M_AXI_ADDR_WIDTH bound to: 32 - type: integer 
	Parameter C_S_AHB_DATA_WIDTH bound to: 64 - type: integer 
	Parameter C_M_AXI_DATA_WIDTH bound to: 64 - type: integer 
	Parameter C_M_AXI_PROTOCOL bound to: AXI4 - type: string 
	Parameter C_M_AXI_THREAD_ID_WIDTH bound to: 4 - type: integer 
	Parameter C_AHB_AXI_TIMEOUT bound to: 0 - type: integer 
INFO: [Synth 8-3491] module 'ahblite_axi_bridge' declared at '/home/jescobedo/repos/juanesp/socs/xilinx-zcu102-xczu9eg/vivado/esp-xilinx-zcu102-xczu9eg.srcs/sources_1/bd/zynqmpsoc/ipshared/cbed/hdl/ahblite_axi_bridge_v3_0_vh_rfs.vhd:4257' bound to instance 'U0' of component 'ahblite_axi_bridge' [/home/jescobedo/repos/juanesp/socs/xilinx-zcu102-xczu9eg/vivado/esp-xilinx-zcu102-xczu9eg.srcs/sources_1/bd/zynqmpsoc/ip/zynqmpsoc_ahblite_axi_bridge_0_0/synth/zynqmpsoc_ahblite_axi_bridge_0_0.vhd:245]
INFO: [Synth 8-638] synthesizing module 'ahblite_axi_bridge' [/home/jescobedo/repos/juanesp/socs/xilinx-zcu102-xczu9eg/vivado/esp-xilinx-zcu102-xczu9eg.srcs/sources_1/bd/zynqmpsoc/ipshared/cbed/hdl/ahblite_axi_bridge_v3_0_vh_rfs.vhd:4353]
	Parameter C_FAMILY bound to: zynquplus - type: string 
	Parameter C_INSTANCE bound to: zynqmpsoc_ahblite_axi_bridge_0_0 - type: string 
	Parameter C_M_AXI_SUPPORTS_NARROW_BURST bound to: 0 - type: integer 
	Parameter C_S_AHB_ADDR_WIDTH bound to: 32 - type: integer 
	Parameter C_M_AXI_ADDR_WIDTH bound to: 32 - type: integer 
	Parameter C_S_AHB_DATA_WIDTH bound to: 64 - type: integer 
	Parameter C_M_AXI_DATA_WIDTH bound to: 64 - type: integer 
	Parameter C_M_AXI_PROTOCOL bound to: AXI4 - type: string 
	Parameter C_M_AXI_THREAD_ID_WIDTH bound to: 4 - type: integer 
	Parameter C_AHB_AXI_TIMEOUT bound to: 0 - type: integer 
	Parameter C_M_AXI_NON_SECURE bound to: 1 - type: integer 
INFO: [Synth 8-638] synthesizing module 'ahblite_axi_control' [/home/jescobedo/repos/juanesp/socs/xilinx-zcu102-xczu9eg/vivado/esp-xilinx-zcu102-xczu9eg.srcs/sources_1/bd/zynqmpsoc/ipshared/cbed/hdl/ahblite_axi_bridge_v3_0_vh_rfs.vhd:3648]
INFO: [Synth 8-256] done synthesizing module 'ahblite_axi_control' (1#1) [/home/jescobedo/repos/juanesp/socs/xilinx-zcu102-xczu9eg/vivado/esp-xilinx-zcu102-xczu9eg.srcs/sources_1/bd/zynqmpsoc/ipshared/cbed/hdl/ahblite_axi_bridge_v3_0_vh_rfs.vhd:3648]
INFO: [Synth 8-638] synthesizing module 'ahb_if' [/home/jescobedo/repos/juanesp/socs/xilinx-zcu102-xczu9eg/vivado/esp-xilinx-zcu102-xczu9eg.srcs/sources_1/bd/zynqmpsoc/ipshared/cbed/hdl/ahblite_axi_bridge_v3_0_vh_rfs.vhd:2506]
	Parameter C_S_AHB_ADDR_WIDTH bound to: 32 - type: integer 
	Parameter C_M_AXI_ADDR_WIDTH bound to: 32 - type: integer 
	Parameter C_S_AHB_DATA_WIDTH bound to: 64 - type: integer 
	Parameter C_M_AXI_DATA_WIDTH bound to: 64 - type: integer 
	Parameter C_M_AXI_THREAD_ID_WIDTH bound to: 4 - type: integer 
	Parameter C_M_AXI_NON_SECURE bound to: 1 - type: integer 
WARNING: [Synth 8-6014] Unused sequential element S_AHB_HBURST_i_reg was removed.  [/home/jescobedo/repos/juanesp/socs/xilinx-zcu102-xczu9eg/vivado/esp-xilinx-zcu102-xczu9eg.srcs/sources_1/bd/zynqmpsoc/ipshared/cbed/hdl/ahblite_axi_bridge_v3_0_vh_rfs.vhd:2723]
INFO: [Synth 8-256] done synthesizing module 'ahb_if' (2#1) [/home/jescobedo/repos/juanesp/socs/xilinx-zcu102-xczu9eg/vivado/esp-xilinx-zcu102-xczu9eg.srcs/sources_1/bd/zynqmpsoc/ipshared/cbed/hdl/ahblite_axi_bridge_v3_0_vh_rfs.vhd:2506]
INFO: [Synth 8-638] synthesizing module 'ahb_data_counter' [/home/jescobedo/repos/juanesp/socs/xilinx-zcu102-xczu9eg/vivado/esp-xilinx-zcu102-xczu9eg.srcs/sources_1/bd/zynqmpsoc/ipshared/cbed/hdl/ahblite_axi_bridge_v3_0_vh_rfs.vhd:3367]
	Parameter C_FAMILY bound to: virtex7 - type: string 
INFO: [Synth 8-638] synthesizing module 'counter_f' [/home/jescobedo/repos/juanesp/socs/xilinx-zcu102-xczu9eg/vivado/esp-xilinx-zcu102-xczu9eg.srcs/sources_1/bd/zynqmpsoc/ipshared/cbed/hdl/ahblite_axi_bridge_v3_0_vh_rfs.vhd:328]
	Parameter C_NUM_BITS bound to: 5 - type: integer 
	Parameter C_FAMILY bound to: virtex7 - type: string 
INFO: [Synth 8-256] done synthesizing module 'counter_f' (3#1) [/home/jescobedo/repos/juanesp/socs/xilinx-zcu102-xczu9eg/vivado/esp-xilinx-zcu102-xczu9eg.srcs/sources_1/bd/zynqmpsoc/ipshared/cbed/hdl/ahblite_axi_bridge_v3_0_vh_rfs.vhd:328]
INFO: [Synth 8-256] done synthesizing module 'ahb_data_counter' (4#1) [/home/jescobedo/repos/juanesp/socs/xilinx-zcu102-xczu9eg/vivado/esp-xilinx-zcu102-xczu9eg.srcs/sources_1/bd/zynqmpsoc/ipshared/cbed/hdl/ahblite_axi_bridge_v3_0_vh_rfs.vhd:3367]
INFO: [Synth 8-638] synthesizing module 'axi_wchannel' [/home/jescobedo/repos/juanesp/socs/xilinx-zcu102-xczu9eg/vivado/esp-xilinx-zcu102-xczu9eg.srcs/sources_1/bd/zynqmpsoc/ipshared/cbed/hdl/ahblite_axi_bridge_v3_0_vh_rfs.vhd:910]
	Parameter C_FAMILY bound to: virtex7 - type: string 
	Parameter C_S_AHB_ADDR_WIDTH bound to: 32 - type: integer 
	Parameter C_M_AXI_ADDR_WIDTH bound to: 32 - type: integer 
	Parameter C_S_AHB_DATA_WIDTH bound to: 64 - type: integer 
	Parameter C_M_AXI_DATA_WIDTH bound to: 64 - type: integer 
	Parameter C_M_AXI_THREAD_ID_WIDTH bound to: 4 - type: integer 
	Parameter C_M_AXI_SUPPORTS_NARROW_BURST bound to: 0 - type: integer 
WARNING: [Synth 8-6014] Unused sequential element next_wr_strobe_reg was removed.  [/home/jescobedo/repos/juanesp/socs/xilinx-zcu102-xczu9eg/vivado/esp-xilinx-zcu102-xczu9eg.srcs/sources_1/bd/zynqmpsoc/ipshared/cbed/hdl/ahblite_axi_bridge_v3_0_vh_rfs.vhd:1214]
INFO: [Synth 8-256] done synthesizing module 'axi_wchannel' (5#1) [/home/jescobedo/repos/juanesp/socs/xilinx-zcu102-xczu9eg/vivado/esp-xilinx-zcu102-xczu9eg.srcs/sources_1/bd/zynqmpsoc/ipshared/cbed/hdl/ahblite_axi_bridge_v3_0_vh_rfs.vhd:910]
INFO: [Synth 8-638] synthesizing module 'axi_rchannel' [/home/jescobedo/repos/juanesp/socs/xilinx-zcu102-xczu9eg/vivado/esp-xilinx-zcu102-xczu9eg.srcs/sources_1/bd/zynqmpsoc/ipshared/cbed/hdl/ahblite_axi_bridge_v3_0_vh_rfs.vhd:1931]
	Parameter C_S_AHB_ADDR_WIDTH bound to: 32 - type: integer 
	Parameter C_M_AXI_ADDR_WIDTH bound to: 32 - type: integer 
	Parameter C_M_AXI_DATA_WIDTH bound to: 64 - type: integer 
	Parameter C_M_AXI_THREAD_ID_WIDTH bound to: 4 - type: integer 
WARNING: [Synth 8-6014] Unused sequential element rdata_placed_on_ahb_reg was removed.  [/home/jescobedo/repos/juanesp/socs/xilinx-zcu102-xczu9eg/vivado/esp-xilinx-zcu102-xczu9eg.srcs/sources_1/bd/zynqmpsoc/ipshared/cbed/hdl/ahblite_axi_bridge_v3_0_vh_rfs.vhd:2184]
INFO: [Synth 8-256] done synthesizing module 'axi_rchannel' (6#1) [/home/jescobedo/repos/juanesp/socs/xilinx-zcu102-xczu9eg/vivado/esp-xilinx-zcu102-xczu9eg.srcs/sources_1/bd/zynqmpsoc/ipshared/cbed/hdl/ahblite_axi_bridge_v3_0_vh_rfs.vhd:1931]
INFO: [Synth 8-638] synthesizing module 'time_out' [/home/jescobedo/repos/juanesp/socs/xilinx-zcu102-xczu9eg/vivado/esp-xilinx-zcu102-xczu9eg.srcs/sources_1/bd/zynqmpsoc/ipshared/cbed/hdl/ahblite_axi_bridge_v3_0_vh_rfs.vhd:534]
	Parameter C_FAMILY bound to: zynquplus - type: string 
	Parameter C_AHB_AXI_TIMEOUT bound to: 0 - type: integer 
INFO: [Synth 8-256] done synthesizing module 'time_out' (7#1) [/home/jescobedo/repos/juanesp/socs/xilinx-zcu102-xczu9eg/vivado/esp-xilinx-zcu102-xczu9eg.srcs/sources_1/bd/zynqmpsoc/ipshared/cbed/hdl/ahblite_axi_bridge_v3_0_vh_rfs.vhd:534]
INFO: [Synth 8-256] done synthesizing module 'ahblite_axi_bridge' (8#1) [/home/jescobedo/repos/juanesp/socs/xilinx-zcu102-xczu9eg/vivado/esp-xilinx-zcu102-xczu9eg.srcs/sources_1/bd/zynqmpsoc/ipshared/cbed/hdl/ahblite_axi_bridge_v3_0_vh_rfs.vhd:4353]
INFO: [Synth 8-256] done synthesizing module 'zynqmpsoc_ahblite_axi_bridge_0_0' (9#1) [/home/jescobedo/repos/juanesp/socs/xilinx-zcu102-xczu9eg/vivado/esp-xilinx-zcu102-xczu9eg.srcs/sources_1/bd/zynqmpsoc/ip/zynqmpsoc_ahblite_axi_bridge_0_0/synth/zynqmpsoc_ahblite_axi_bridge_0_0.vhd:113]
WARNING: [Synth 8-3331] design time_out has unconnected port S_AHB_HCLK
WARNING: [Synth 8-3331] design time_out has unconnected port S_AHB_HRESETN
WARNING: [Synth 8-3331] design time_out has unconnected port core_is_idle
WARNING: [Synth 8-3331] design time_out has unconnected port enable_timeout_cnt
WARNING: [Synth 8-3331] design time_out has unconnected port M_AXI_BVALID
WARNING: [Synth 8-3331] design time_out has unconnected port wr_load_timeout_cntr
WARNING: [Synth 8-3331] design time_out has unconnected port last_axi_rd_sample
WARNING: [Synth 8-3331] design time_out has unconnected port rd_load_timeout_cntr
WARNING: [Synth 8-3331] design axi_wchannel has unconnected port ahb_hburst_wrap4
WARNING: [Synth 8-3331] design axi_wchannel has unconnected port ahb_haddr_hsize[4]
WARNING: [Synth 8-3331] design axi_wchannel has unconnected port ahb_haddr_hsize[3]
WARNING: [Synth 8-3331] design axi_wchannel has unconnected port ahb_haddr_hsize[2]
WARNING: [Synth 8-3331] design axi_wchannel has unconnected port ahb_haddr_hsize[1]
WARNING: [Synth 8-3331] design axi_wchannel has unconnected port ahb_haddr_hsize[0]
WARNING: [Synth 8-3331] design axi_wchannel has unconnected port ahb_hsize[1]
WARNING: [Synth 8-3331] design axi_wchannel has unconnected port ahb_hsize[0]
WARNING: [Synth 8-3331] design ahblite_axi_bridge has unconnected port m_axi_bid[3]
WARNING: [Synth 8-3331] design ahblite_axi_bridge has unconnected port m_axi_bid[2]
WARNING: [Synth 8-3331] design ahblite_axi_bridge has unconnected port m_axi_bid[1]
WARNING: [Synth 8-3331] design ahblite_axi_bridge has unconnected port m_axi_bid[0]
WARNING: [Synth 8-3331] design ahblite_axi_bridge has unconnected port m_axi_rid[3]
WARNING: [Synth 8-3331] design ahblite_axi_bridge has unconnected port m_axi_rid[2]
WARNING: [Synth 8-3331] design ahblite_axi_bridge has unconnected port m_axi_rid[1]
WARNING: [Synth 8-3331] design ahblite_axi_bridge has unconnected port m_axi_rid[0]
---------------------------------------------------------------------------------
Finished RTL Elaboration : Time (s): cpu = 00:00:06 ; elapsed = 00:00:08 . Memory (MB): peak = 2516.844 ; gain = 61.746 ; free physical = 7695 ; free virtual = 116316
---------------------------------------------------------------------------------

Report Check Netlist: 
+------+------------------+-------+---------+-------+------------------+
|      |Item              |Errors |Warnings |Status |Description       |
+------+------------------+-------+---------+-------+------------------+
|1     |multi_driven_nets |      0|        0|Passed |Multi driven nets |
+------+------------------+-------+---------+-------+------------------+
---------------------------------------------------------------------------------
Start Handling Custom Attributes
---------------------------------------------------------------------------------
---------------------------------------------------------------------------------
Finished Handling Custom Attributes : Time (s): cpu = 00:00:07 ; elapsed = 00:00:09 . Memory (MB): peak = 2516.844 ; gain = 61.746 ; free physical = 7743 ; free virtual = 116364
---------------------------------------------------------------------------------
---------------------------------------------------------------------------------
Finished RTL Optimization Phase 1 : Time (s): cpu = 00:00:07 ; elapsed = 00:00:09 . Memory (MB): peak = 2516.844 ; gain = 61.746 ; free physical = 7743 ; free virtual = 116364
---------------------------------------------------------------------------------
Netlist sorting complete. Time (s): cpu = 00:00:00.01 ; elapsed = 00:00:00.01 . Memory (MB): peak = 2516.844 ; gain = 0.000 ; free physical = 7733 ; free virtual = 116354
INFO: [Project 1-570] Preparing netlist for logic optimization

Processing XDC Constraints
Initializing timing engine
Parsing XDC File [/home/jescobedo/repos/juanesp/socs/xilinx-zcu102-xczu9eg/vivado/esp-xilinx-zcu102-xczu9eg.srcs/sources_1/bd/zynqmpsoc/ip/zynqmpsoc_ahblite_axi_bridge_0_0/zynqmpsoc_ahblite_axi_bridge_0_0_ooc.xdc] for cell 'U0'
create_clock: Time (s): cpu = 00:00:05 ; elapsed = 00:00:06 . Memory (MB): peak = 2691.562 ; gain = 0.000 ; free physical = 7343 ; free virtual = 115964
Finished Parsing XDC File [/home/jescobedo/repos/juanesp/socs/xilinx-zcu102-xczu9eg/vivado/esp-xilinx-zcu102-xczu9eg.srcs/sources_1/bd/zynqmpsoc/ip/zynqmpsoc_ahblite_axi_bridge_0_0/zynqmpsoc_ahblite_axi_bridge_0_0_ooc.xdc] for cell 'U0'
Parsing XDC File [/home/jescobedo/repos/juanesp/socs/xilinx-zcu102-xczu9eg/vivado/esp-xilinx-zcu102-xczu9eg.runs/zynqmpsoc_ahblite_axi_bridge_0_0_synth_1/dont_touch.xdc]
Finished Parsing XDC File [/home/jescobedo/repos/juanesp/socs/xilinx-zcu102-xczu9eg/vivado/esp-xilinx-zcu102-xczu9eg.runs/zynqmpsoc_ahblite_axi_bridge_0_0_synth_1/dont_touch.xdc]
Completed Processing XDC Constraints

Netlist sorting complete. Time (s): cpu = 00:00:00 ; elapsed = 00:00:00 . Memory (MB): peak = 2691.562 ; gain = 0.000 ; free physical = 7343 ; free virtual = 115964
INFO: [Project 1-111] Unisim Transformation Summary:
No Unisim elements were transformed.

Constraint Validation Runtime : Time (s): cpu = 00:00:00.06 ; elapsed = 00:00:00.06 . Memory (MB): peak = 2691.562 ; gain = 0.000 ; free physical = 7343 ; free virtual = 115963
---------------------------------------------------------------------------------
Finished Constraint Validation : Time (s): cpu = 00:00:21 ; elapsed = 00:00:29 . Memory (MB): peak = 2691.562 ; gain = 236.465 ; free physical = 7475 ; free virtual = 116103
---------------------------------------------------------------------------------
---------------------------------------------------------------------------------
Start Loading Part and Timing Information
---------------------------------------------------------------------------------
Loading part: xczu9eg-ffvb1156-2-e
INFO: [Synth 8-6742] Reading net delay rules and data
---------------------------------------------------------------------------------
Finished Loading Part and Timing Information : Time (s): cpu = 00:00:21 ; elapsed = 00:00:29 . Memory (MB): peak = 2691.562 ; gain = 236.465 ; free physical = 7475 ; free virtual = 116103
---------------------------------------------------------------------------------
---------------------------------------------------------------------------------
Start Applying 'set_property' XDC Constraints
---------------------------------------------------------------------------------
Applied set_property DONT_TOUCH = true for U0. (constraint file  /home/jescobedo/repos/juanesp/socs/xilinx-zcu102-xczu9eg/vivado/esp-xilinx-zcu102-xczu9eg.runs/zynqmpsoc_ahblite_axi_bridge_0_0_synth_1/dont_touch.xdc, line 9).
---------------------------------------------------------------------------------
Finished applying 'set_property' XDC Constraints : Time (s): cpu = 00:00:21 ; elapsed = 00:00:29 . Memory (MB): peak = 2691.562 ; gain = 236.465 ; free physical = 7474 ; free virtual = 116102
---------------------------------------------------------------------------------
INFO: [Synth 8-802] inferred FSM for state register 'ctl_sm_cs_reg' in module 'ahblite_axi_control'
INFO: [Synth 8-5544] ROM "valid_cnt_required_i" won't be mapped to Block RAM because address size (3) smaller than threshold (5)
INFO: [Synth 8-5544] ROM "AXI_ALEN_i" won't be mapped to Block RAM because address size (3) smaller than threshold (5)
INFO: [Synth 8-5818] HDL ADVISOR - The operator resource <adder> is shared. To prevent sharing consider applying a KEEP on the output of the operator [/home/jescobedo/repos/juanesp/socs/xilinx-zcu102-xczu9eg/vivado/esp-xilinx-zcu102-xczu9eg.srcs/sources_1/bd/zynqmpsoc/ipshared/cbed/hdl/ahblite_axi_bridge_v3_0_vh_rfs.vhd:356]
---------------------------------------------------------------------------------------------------
                   State |                     New Encoding |                Previous Encoding 
---------------------------------------------------------------------------------------------------
                ctl_idle |                          0000001 |                              000
                ctl_addr |                          0000010 |                              001
               ctl_write |                          0000100 |                              010
               ctl_bresp |                          0001000 |                              101
           ctl_bresp_err |                          0010000 |                              110
                ctl_read |                          0100000 |                              011
            ctl_read_err |                          1000000 |                              100
---------------------------------------------------------------------------------------------------
INFO: [Synth 8-3354] encoded FSM with state register 'ctl_sm_cs_reg' using encoding 'one-hot' in module 'ahblite_axi_control'
---------------------------------------------------------------------------------
Finished RTL Optimization Phase 2 : Time (s): cpu = 00:00:21 ; elapsed = 00:00:30 . Memory (MB): peak = 2691.562 ; gain = 236.465 ; free physical = 7526 ; free virtual = 116160
---------------------------------------------------------------------------------

Report RTL Partitions: 
+-+--------------+------------+----------+
| |RTL Partition |Replication |Instances |
+-+--------------+------------+----------+
+-+--------------+------------+----------+
---------------------------------------------------------------------------------
Start RTL Component Statistics 
---------------------------------------------------------------------------------
Detailed RTL Component Info : 
+---Adders : 
	   2 Input      6 Bit       Adders := 2     
	   2 Input      5 Bit       Adders := 6     
+---Registers : 
	               64 Bit    Registers := 3     
	               32 Bit    Registers := 1     
	                8 Bit    Registers := 2     
	                6 Bit    Registers := 2     
	                5 Bit    Registers := 4     
	                4 Bit    Registers := 1     
	                3 Bit    Registers := 3     
	                2 Bit    Registers := 2     
	                1 Bit    Registers := 36    
+---Muxes : 
	   2 Input     64 Bit        Muxes := 1     
	   2 Input      8 Bit        Muxes := 1     
	   7 Input      7 Bit        Muxes := 1     
	   2 Input      7 Bit        Muxes := 8     
	   3 Input      6 Bit        Muxes := 2     
	   2 Input      6 Bit        Muxes := 2     
	   4 Input      4 Bit        Muxes := 2     
	   3 Input      4 Bit        Muxes := 1     
	   2 Input      3 Bit        Muxes := 1     
	   3 Input      2 Bit        Muxes := 1     
	   2 Input      2 Bit        Muxes := 3     
	   2 Input      1 Bit        Muxes := 54    
	   7 Input      1 Bit        Muxes := 12    
	   5 Input      1 Bit        Muxes := 1     
---------------------------------------------------------------------------------
Finished RTL Component Statistics 
---------------------------------------------------------------------------------
---------------------------------------------------------------------------------
Start RTL Hierarchical Component Statistics 
---------------------------------------------------------------------------------
Hierarchical RTL Component report 
Module ahblite_axi_control 
Detailed RTL Component Info : 
+---Registers : 
	                1 Bit    Registers := 3     
+---Muxes : 
	   7 Input      7 Bit        Muxes := 1     
	   2 Input      7 Bit        Muxes := 8     
	   2 Input      1 Bit        Muxes := 14    
	   7 Input      1 Bit        Muxes := 12    
Module ahb_if 
Detailed RTL Component Info : 
+---Adders : 
	   2 Input      5 Bit       Adders := 1     
+---Registers : 
	               64 Bit    Registers := 1     
	               32 Bit    Registers := 1     
	                8 Bit    Registers := 1     
	                5 Bit    Registers := 3     
	                4 Bit    Registers := 1     
	                3 Bit    Registers := 3     
	                2 Bit    Registers := 1     
	                1 Bit    Registers := 14    
+---Muxes : 
	   4 Input      4 Bit        Muxes := 2     
	   3 Input      4 Bit        Muxes := 1     
	   2 Input      3 Bit        Muxes := 1     
	   3 Input      2 Bit        Muxes := 1     
	   2 Input      2 Bit        Muxes := 1     
	   2 Input      1 Bit        Muxes := 14    
Module counter_f 
Detailed RTL Component Info : 
+---Adders : 
	   2 Input      6 Bit       Adders := 1     
+---Registers : 
	                6 Bit    Registers := 1     
+---Muxes : 
	   3 Input      6 Bit        Muxes := 1     
	   2 Input      6 Bit        Muxes := 1     
	   2 Input      1 Bit        Muxes := 2     
Module axi_wchannel 
Detailed RTL Component Info : 
+---Adders : 
	   2 Input      5 Bit       Adders := 5     
+---Registers : 
	               64 Bit    Registers := 2     
	                8 Bit    Registers := 1     
	                5 Bit    Registers := 1     
	                1 Bit    Registers := 11    
+---Muxes : 
	   2 Input     64 Bit        Muxes := 1     
	   2 Input      8 Bit        Muxes := 1     
	   2 Input      1 Bit        Muxes := 14    
	   5 Input      1 Bit        Muxes := 1     
Module axi_rchannel 
Detailed RTL Component Info : 
+---Registers : 
	                2 Bit    Registers := 1     
	                1 Bit    Registers := 8     
+---Muxes : 
	   2 Input      2 Bit        Muxes := 2     
	   2 Input      1 Bit        Muxes := 8     
---------------------------------------------------------------------------------
Finished RTL Hierarchical Component Statistics
---------------------------------------------------------------------------------
---------------------------------------------------------------------------------
Start Part Resource Summary
---------------------------------------------------------------------------------
Part Resources:
DSPs: 2520 (col length:168)
BRAMs: 1824 (col length: RAMB18 168 RAMB36 84)
---------------------------------------------------------------------------------
Finished Part Resource Summary
---------------------------------------------------------------------------------
---------------------------------------------------------------------------------
Start Cross Boundary and Area Optimization
---------------------------------------------------------------------------------
Warning: Parallel synthesis criteria is not met 
INFO: [Synth 8-4471] merging register 'AXI_WCHANNEL/axi_waddr_done_i_reg' into 'AHBLITE_AXI_CONTROL/ahb_wnr_i_reg' [/home/jescobedo/repos/juanesp/socs/xilinx-zcu102-xczu9eg/vivado/esp-xilinx-zcu102-xczu9eg.srcs/sources_1/bd/zynqmpsoc/ipshared/cbed/hdl/ahblite_axi_bridge_v3_0_vh_rfs.vhd:1253]
WARNING: [Synth 8-3331] design ahblite_axi_bridge has unconnected port m_axi_bid[3]
WARNING: [Synth 8-3331] design ahblite_axi_bridge has unconnected port m_axi_bid[2]
WARNING: [Synth 8-3331] design ahblite_axi_bridge has unconnected port m_axi_bid[1]
WARNING: [Synth 8-3331] design ahblite_axi_bridge has unconnected port m_axi_bid[0]
WARNING: [Synth 8-3331] design ahblite_axi_bridge has unconnected port m_axi_rid[3]
WARNING: [Synth 8-3331] design ahblite_axi_bridge has unconnected port m_axi_rid[2]
WARNING: [Synth 8-3331] design ahblite_axi_bridge has unconnected port m_axi_rid[1]
WARNING: [Synth 8-3331] design ahblite_axi_bridge has unconnected port m_axi_rid[0]
INFO: [Synth 8-3333] propagating constant 0 across sequential element (U0/\AHB_IF/valid_cnt_required_i_reg[4] )
INFO: [Synth 8-3886] merging instance 'U0/AHB_IF/valid_cnt_required_i_reg[0]' (FDRE) to 'U0/AHB_IF/valid_cnt_required_i_reg[1]'
INFO: [Synth 8-3333] propagating constant 0 across sequential element (U0/\AXI_WCHANNEL/timeout_detected_i_reg )
INFO: [Synth 8-3886] merging instance 'U0/AXI_WCHANNEL/NARROW_TRANSFER_OFF.M_AXI_WSTRB_i_reg[0]' (FDS) to 'U0/AXI_WCHANNEL/NARROW_TRANSFER_OFF.M_AXI_WSTRB_i_reg[1]'
INFO: [Synth 8-3886] merging instance 'U0/AXI_WCHANNEL/NARROW_TRANSFER_OFF.M_AXI_WSTRB_i_reg[1]' (FDS) to 'U0/AXI_WCHANNEL/NARROW_TRANSFER_OFF.M_AXI_WSTRB_i_reg[2]'
INFO: [Synth 8-3886] merging instance 'U0/AXI_WCHANNEL/NARROW_TRANSFER_OFF.M_AXI_WSTRB_i_reg[2]' (FDS) to 'U0/AXI_WCHANNEL/NARROW_TRANSFER_OFF.M_AXI_WSTRB_i_reg[3]'
INFO: [Synth 8-3886] merging instance 'U0/AXI_WCHANNEL/NARROW_TRANSFER_OFF.M_AXI_WSTRB_i_reg[3]' (FDS) to 'U0/AXI_WCHANNEL/NARROW_TRANSFER_OFF.M_AXI_WSTRB_i_reg[4]'
INFO: [Synth 8-3886] merging instance 'U0/AXI_WCHANNEL/NARROW_TRANSFER_OFF.M_AXI_WSTRB_i_reg[4]' (FDS) to 'U0/AXI_WCHANNEL/NARROW_TRANSFER_OFF.M_AXI_WSTRB_i_reg[5]'
INFO: [Synth 8-3886] merging instance 'U0/AXI_WCHANNEL/NARROW_TRANSFER_OFF.M_AXI_WSTRB_i_reg[5]' (FDS) to 'U0/AXI_WCHANNEL/NARROW_TRANSFER_OFF.M_AXI_WSTRB_i_reg[6]'
INFO: [Synth 8-3886] merging instance 'U0/AXI_WCHANNEL/NARROW_TRANSFER_OFF.M_AXI_WSTRB_i_reg[6]' (FDS) to 'U0/AXI_WCHANNEL/NARROW_TRANSFER_OFF.M_AXI_WSTRB_i_reg[7]'
INFO: [Synth 8-3886] merging instance 'U0/AHB_IF/GEN_1_PROT_CACHE_REG_NON_SECURE.AXI_ACACHE_i_reg[2]' (FDRE) to 'U0/AHB_IF/GEN_1_PROT_CACHE_REG_NON_SECURE.AXI_ACACHE_i_reg[3]'
INFO: [Synth 8-3333] propagating constant 0 across sequential element (U0/\AHB_IF/GEN_1_PROT_CACHE_REG_NON_SECURE.AXI_ACACHE_i_reg[3] )
INFO: [Synth 8-3886] merging instance 'U0/AHB_IF/AXI_ALEN_i_reg[0]' (FDRE) to 'U0/AHB_IF/AXI_ALEN_i_reg[1]'
INFO: [Synth 8-3333] propagating constant 0 across sequential element (U0/\AHB_IF/AXI_ALEN_i_reg[4] )
INFO: [Synth 8-3333] propagating constant 0 across sequential element (U0/\AHB_IF/AXI_ALEN_i_reg[5] )
INFO: [Synth 8-3333] propagating constant 0 across sequential element (U0/\AHB_IF/AXI_ALEN_i_reg[6] )
INFO: [Synth 8-3333] propagating constant 0 across sequential element (U0/\AHB_IF/AXI_ALEN_i_reg[7] )
INFO: [Synth 8-3886] merging instance 'U0/AXI_WCHANNEL/axi_cnt_required_reg[0]' (FDRE) to 'U0/AXI_WCHANNEL/axi_cnt_required_reg[1]'
INFO: [Synth 8-3886] merging instance 'U0/AHB_IF/burst_term_txer_cnt_i_reg[0]' (FDRE) to 'U0/AHB_IF/burst_term_txer_cnt_i_reg[1]'
---------------------------------------------------------------------------------
Finished Cross Boundary and Area Optimization : Time (s): cpu = 00:00:23 ; elapsed = 00:00:32 . Memory (MB): peak = 2691.562 ; gain = 236.465 ; free physical = 7462 ; free virtual = 116102
---------------------------------------------------------------------------------

Report RTL Partitions: 
+-+--------------+------------+----------+
| |RTL Partition |Replication |Instances |
+-+--------------+------------+----------+
+-+--------------+------------+----------+
---------------------------------------------------------------------------------
Start Applying XDC Timing Constraints
---------------------------------------------------------------------------------
---------------------------------------------------------------------------------
Finished Applying XDC Timing Constraints : Time (s): cpu = 00:00:58 ; elapsed = 00:01:42 . Memory (MB): peak = 3137.547 ; gain = 682.449 ; free physical = 3856 ; free virtual = 112503
---------------------------------------------------------------------------------
---------------------------------------------------------------------------------
Start Timing Optimization
---------------------------------------------------------------------------------
---------------------------------------------------------------------------------
Finished Timing Optimization : Time (s): cpu = 00:00:58 ; elapsed = 00:01:43 . Memory (MB): peak = 3164.578 ; gain = 709.480 ; free physical = 3797 ; free virtual = 112443
---------------------------------------------------------------------------------

Report RTL Partitions: 
+-+--------------+------------+----------+
| |RTL Partition |Replication |Instances |
+-+--------------+------------+----------+
+-+--------------+------------+----------+
---------------------------------------------------------------------------------
Start Technology Mapping
---------------------------------------------------------------------------------
---------------------------------------------------------------------------------
Finished Technology Mapping : Time (s): cpu = 00:00:59 ; elapsed = 00:01:43 . Memory (MB): peak = 3172.586 ; gain = 717.488 ; free physical = 3812 ; free virtual = 112459
---------------------------------------------------------------------------------

Report RTL Partitions: 
+-+--------------+------------+----------+
| |RTL Partition |Replication |Instances |
+-+--------------+------------+----------+
+-+--------------+------------+----------+
---------------------------------------------------------------------------------
Start IO Insertion
---------------------------------------------------------------------------------
---------------------------------------------------------------------------------
Start Flattening Before IO Insertion
---------------------------------------------------------------------------------
---------------------------------------------------------------------------------
Finished Flattening Before IO Insertion
---------------------------------------------------------------------------------
---------------------------------------------------------------------------------
Start Final Netlist Cleanup
---------------------------------------------------------------------------------
---------------------------------------------------------------------------------
Finished Final Netlist Cleanup
---------------------------------------------------------------------------------
---------------------------------------------------------------------------------
Finished IO Insertion : Time (s): cpu = 00:01:02 ; elapsed = 00:01:47 . Memory (MB): peak = 3176.555 ; gain = 721.457 ; free physical = 3151 ; free virtual = 111796
---------------------------------------------------------------------------------
---------------------------------------------------------------------------------
Start Renaming Generated Instances
---------------------------------------------------------------------------------
---------------------------------------------------------------------------------
Finished Renaming Generated Instances : Time (s): cpu = 00:01:02 ; elapsed = 00:01:47 . Memory (MB): peak = 3176.555 ; gain = 721.457 ; free physical = 3151 ; free virtual = 111796
---------------------------------------------------------------------------------

Report RTL Partitions: 
+-+--------------+------------+----------+
| |RTL Partition |Replication |Instances |
+-+--------------+------------+----------+
+-+--------------+------------+----------+

Report Check Netlist: 
+------+------------------+-------+---------+-------+------------------+
|      |Item              |Errors |Warnings |Status |Description       |
+------+------------------+-------+---------+-------+------------------+
|1     |multi_driven_nets |      0|        0|Passed |Multi driven nets |
+------+------------------+-------+---------+-------+------------------+
---------------------------------------------------------------------------------
Start Rebuilding User Hierarchy
---------------------------------------------------------------------------------
---------------------------------------------------------------------------------
Finished Rebuilding User Hierarchy : Time (s): cpu = 00:01:02 ; elapsed = 00:01:47 . Memory (MB): peak = 3176.555 ; gain = 721.457 ; free physical = 3141 ; free virtual = 111786
---------------------------------------------------------------------------------
---------------------------------------------------------------------------------
Start Renaming Generated Ports
---------------------------------------------------------------------------------
---------------------------------------------------------------------------------
Finished Renaming Generated Ports : Time (s): cpu = 00:01:02 ; elapsed = 00:01:47 . Memory (MB): peak = 3176.555 ; gain = 721.457 ; free physical = 3140 ; free virtual = 111785
---------------------------------------------------------------------------------
---------------------------------------------------------------------------------
Start Handling Custom Attributes
---------------------------------------------------------------------------------
---------------------------------------------------------------------------------
Finished Handling Custom Attributes : Time (s): cpu = 00:01:02 ; elapsed = 00:01:47 . Memory (MB): peak = 3176.555 ; gain = 721.457 ; free physical = 3139 ; free virtual = 111783
---------------------------------------------------------------------------------
---------------------------------------------------------------------------------
Start Renaming Generated Nets
---------------------------------------------------------------------------------
---------------------------------------------------------------------------------
Finished Renaming Generated Nets : Time (s): cpu = 00:01:02 ; elapsed = 00:01:47 . Memory (MB): peak = 3176.555 ; gain = 721.457 ; free physical = 3138 ; free virtual = 111783
---------------------------------------------------------------------------------
---------------------------------------------------------------------------------
Start Writing Synthesis Report
---------------------------------------------------------------------------------

Report BlackBoxes: 
+-+--------------+----------+
| |BlackBox name |Instances |
+-+--------------+----------+
+-+--------------+----------+

Report Cell Usage: 
+------+-----+------+
|      |Cell |Count |
+------+-----+------+
|1     |LUT1 |     2|
|2     |LUT2 |    15|
|3     |LUT3 |    14|
|4     |LUT4 |    19|
|5     |LUT5 |    92|
|6     |LUT6 |    49|
|7     |FDRE |   297|
|8     |FDSE |     5|
+------+-----+------+

Report Instance Areas: 
+------+----------------------------+--------------------+------+
|      |Instance                    |Module              |Cells |
+------+----------------------------+--------------------+------+
|1     |top                         |                    |   493|
|2     |  U0                        |ahblite_axi_bridge  |   493|
|3     |    AHBLITE_AXI_CONTROL     |ahblite_axi_control |    32|
|4     |    AHB_DATA_COUNTER        |ahb_data_counter    |    13|
|5     |      AHB_SAMPLE_CNT_MODULE |counter_f_0         |    13|
|6     |    AHB_IF                  |ahb_if              |   182|
|7     |    AXI_RCHANNEL            |axi_rchannel        |    27|
|8     |    AXI_WCHANNEL            |axi_wchannel        |   239|
|9     |      AXI_WRITE_CNT_MODULE  |counter_f           |    24|
+------+----------------------------+--------------------+------+
---------------------------------------------------------------------------------
Finished Writing Synthesis Report : Time (s): cpu = 00:01:02 ; elapsed = 00:01:47 . Memory (MB): peak = 3176.555 ; gain = 721.457 ; free physical = 3138 ; free virtual = 111783
---------------------------------------------------------------------------------
Synthesis finished with 0 errors, 0 critical warnings and 8 warnings.
Synthesis Optimization Runtime : Time (s): cpu = 00:00:53 ; elapsed = 00:01:33 . Memory (MB): peak = 3176.555 ; gain = 546.738 ; free physical = 3166 ; free virtual = 111811
Synthesis Optimization Complete : Time (s): cpu = 00:01:02 ; elapsed = 00:01:47 . Memory (MB): peak = 3176.562 ; gain = 721.457 ; free physical = 3166 ; free virtual = 111811
INFO: [Project 1-571] Translating synthesized netlist
Netlist sorting complete. Time (s): cpu = 00:00:00.01 ; elapsed = 00:00:00.01 . Memory (MB): peak = 3188.523 ; gain = 0.000 ; free physical = 3292 ; free virtual = 111937
INFO: [Project 1-570] Preparing netlist for logic optimization
INFO: [Opt 31-138] Pushed 0 inverter(s) to 0 load pin(s).
Netlist sorting complete. Time (s): cpu = 00:00:00 ; elapsed = 00:00:00 . Memory (MB): peak = 3243.352 ; gain = 0.000 ; free physical = 3204 ; free virtual = 111849
INFO: [Project 1-111] Unisim Transformation Summary:
No Unisim elements were transformed.

INFO: [Common 17-83] Releasing license: Synthesis
54 Infos, 35 Warnings, 0 Critical Warnings and 0 Errors encountered.
synth_design completed successfully
synth_design: Time (s): cpu = 00:01:20 ; elapsed = 00:02:18 . Memory (MB): peak = 3243.352 ; gain = 1691.977 ; free physical = 3343 ; free virtual = 111984
Netlist sorting complete. Time (s): cpu = 00:00:00 ; elapsed = 00:00:00 . Memory (MB): peak = 3243.352 ; gain = 0.000 ; free physical = 3343 ; free virtual = 111984
WARNING: [Constraints 18-5210] No constraints selected for write.
Resolution: This message can indicate that there are no constraints for the design, or it can indicate that the used_in flags are set such that the constraints are ignored. This later case is used when running synth_design to not write synthesis constraints to the resulting checkpoint. Instead, project constraints are read when the synthesized design is opened.
INFO: [Common 17-1381] The checkpoint '/home/jescobedo/repos/juanesp/socs/xilinx-zcu102-xczu9eg/vivado/esp-xilinx-zcu102-xczu9eg.runs/zynqmpsoc_ahblite_axi_bridge_0_0_synth_1/zynqmpsoc_ahblite_axi_bridge_0_0.dcp' has been generated.
WARNING: [Common 17-576] 'use_project_ipc' is deprecated. This option is deprecated and no longer used.
INFO: [Coretcl 2-1648] Added synthesis output to IP cache for IP zynqmpsoc_ahblite_axi_bridge_0_0, cache-ID = 81b3098f7ddcd85f
INFO: [Coretcl 2-1174] Renamed 8 cell refs.
Netlist sorting complete. Time (s): cpu = 00:00:00 ; elapsed = 00:00:00 . Memory (MB): peak = 3267.363 ; gain = 0.000 ; free physical = 3332 ; free virtual = 111974
WARNING: [Constraints 18-5210] No constraints selected for write.
Resolution: This message can indicate that there are no constraints for the design, or it can indicate that the used_in flags are set such that the constraints are ignored. This later case is used when running synth_design to not write synthesis constraints to the resulting checkpoint. Instead, project constraints are read when the synthesized design is opened.
INFO: [Common 17-1381] The checkpoint '/home/jescobedo/repos/juanesp/socs/xilinx-zcu102-xczu9eg/vivado/esp-xilinx-zcu102-xczu9eg.runs/zynqmpsoc_ahblite_axi_bridge_0_0_synth_1/zynqmpsoc_ahblite_axi_bridge_0_0.dcp' has been generated.
INFO: [runtcl-4] Executing : report_utilization -file zynqmpsoc_ahblite_axi_bridge_0_0_utilization_synth.rpt -pb zynqmpsoc_ahblite_axi_bridge_0_0_utilization_synth.pb
INFO: [Common 17-206] Exiting Vivado at Mon Jan 11 12:09:41 2021...
